This file contains any messages produced by compilers while
running configure, to aid debugging if configure makes a mistake.

It was created by configure, which was
generated by GNU Autoconf 2.67.  Invocation command line was

  $ ./configure 

## --------- ##
## Platform. ##
## --------- ##

hostname = acer-lappy
uname -m = i686
uname -r = 2.6.35-28-generic
uname -s = Linux
uname -v = #49-Ubuntu SMP Tue Mar 1 14:40:58 UTC 2011

/usr/bin/uname -p = unknown
/bin/uname -X     = unknown

/bin/arch              = unknown
/usr/bin/arch -k       = unknown
/usr/convex/getsysinfo = unknown
/usr/bin/hostinfo      = unknown
/bin/machine           = unknown
/usr/bin/oslevel       = unknown
/bin/universe          = unknown

PATH: /usr/local/sbin
PATH: /usr/local/bin
PATH: /usr/sbin
PATH: /usr/bin
PATH: /sbin
PATH: /bin
PATH: /usr/games


## ----------- ##
## Core tests. ##
## ----------- ##

configure:2216: checking for a BSD-compatible install
configure:2284: result: /usr/bin/install -c
configure:2295: checking whether build environment is sane
configure:2345: result: yes
configure:2486: checking for a thread-safe mkdir -p
configure:2525: result: /bin/mkdir -p
configure:2538: checking for gawk
configure:2554: found /usr/bin/gawk
configure:2565: result: gawk
configure:2576: checking whether make sets $(MAKE)
configure:2598: result: yes
configure:2756: checking for g++
configure:2772: found /usr/bin/g++
configure:2783: result: g++
configure:2810: checking for C++ compiler version
configure:2819: g++ --version >&5
g++ (Ubuntu/Linaro 4.4.4-14ubuntu5) 4.4.5
Copyright (C) 2010 Free Software Foundation, Inc.
This is free software; see the source for copying conditions.  There is NO
warranty; not even for MERCHANTABILITY or FITNESS FOR A PARTICULAR PURPOSE.

configure:2830: $? = 0
configure:2819: g++ -v >&5
Using built-in specs.
Target: i686-linux-gnu
Configured with: ../src/configure -v --with-pkgversion='Ubuntu/Linaro 4.4.4-14ubuntu5' --with-bugurl=file:///usr/share/doc/gcc-4.4/README.Bugs --enable-languages=c,c++,fortran,objc,obj-c++ --prefix=/usr --program-suffix=-4.4 --enable-shared --enable-multiarch --enable-linker-build-id --with-system-zlib --libexecdir=/usr/lib --without-included-gettext --enable-threads=posix --with-gxx-include-dir=/usr/include/c++/4.4 --libdir=/usr/lib --enable-nls --with-sysroot=/ --enable-clocale=gnu --enable-libstdcxx-debug --enable-objc-gc --enable-targets=all --disable-werror --with-arch-32=i686 --with-tune=generic --enable-checking=release --build=i686-linux-gnu --host=i686-linux-gnu --target=i686-linux-gnu
Thread model: posix
gcc version 4.4.5 (Ubuntu/Linaro 4.4.4-14ubuntu5) 
configure:2830: $? = 0
configure:2819: g++ -V >&5
g++: '-V' option must have argument
configure:2830: $? = 1
configure:2819: g++ -qversion >&5
g++: unrecognized option '-qversion'
g++: no input files
configure:2830: $? = 1
configure:2850: checking whether the C++ compiler works
configure:2872: g++    conftest.cpp  >&5
configure:2876: $? = 0
configure:2924: result: yes
configure:2927: checking for C++ compiler default output file name
configure:2929: result: a.out
configure:2935: checking for suffix of executables
configure:2942: g++ -o conftest    conftest.cpp  >&5
configure:2946: $? = 0
configure:2968: result: 
configure:2990: checking whether we are cross compiling
configure:2998: g++ -o conftest    conftest.cpp  >&5
configure:3002: $? = 0
configure:3009: ./conftest
configure:3013: $? = 0
configure:3028: result: no
configure:3033: checking for suffix of object files
configure:3055: g++ -c   conftest.cpp >&5
configure:3059: $? = 0
configure:3080: result: o
configure:3084: checking whether we are using the GNU C++ compiler
configure:3103: g++ -c   conftest.cpp >&5
configure:3103: $? = 0
configure:3112: result: yes
configure:3121: checking whether g++ accepts -g
configure:3141: g++ -c -g  conftest.cpp >&5
configure:3141: $? = 0
configure:3182: result: yes
configure:3216: checking for style of include used by make
configure:3244: result: GNU
configure:3269: checking dependency style of g++
configure:3379: result: gcc3
configure:3442: checking for gcc
configure:3458: found /usr/bin/gcc
configure:3469: result: gcc
configure:3698: checking for C compiler version
configure:3707: gcc --version >&5
gcc (Ubuntu/Linaro 4.4.4-14ubuntu5) 4.4.5
Copyright (C) 2010 Free Software Foundation, Inc.
This is free software; see the source for copying conditions.  There is NO
warranty; not even for MERCHANTABILITY or FITNESS FOR A PARTICULAR PURPOSE.

configure:3718: $? = 0
configure:3707: gcc -v >&5
Using built-in specs.
Target: i686-linux-gnu
Configured with: ../src/configure -v --with-pkgversion='Ubuntu/Linaro 4.4.4-14ubuntu5' --with-bugurl=file:///usr/share/doc/gcc-4.4/README.Bugs --enable-languages=c,c++,fortran,objc,obj-c++ --prefix=/usr --program-suffix=-4.4 --enable-shared --enable-multiarch --enable-linker-build-id --with-system-zlib --libexecdir=/usr/lib --without-included-gettext --enable-threads=posix --with-gxx-include-dir=/usr/include/c++/4.4 --libdir=/usr/lib --enable-nls --with-sysroot=/ --enable-clocale=gnu --enable-libstdcxx-debug --enable-objc-gc --enable-targets=all --disable-werror --with-arch-32=i686 --with-tune=generic --enable-checking=release --build=i686-linux-gnu --host=i686-linux-gnu --target=i686-linux-gnu
Thread model: posix
gcc version 4.4.5 (Ubuntu/Linaro 4.4.4-14ubuntu5) 
configure:3718: $? = 0
configure:3707: gcc -V >&5
gcc: '-V' option must have argument
configure:3718: $? = 1
configure:3707: gcc -qversion >&5
gcc: unrecognized option '-qversion'
gcc: no input files
configure:3718: $? = 1
configure:3722: checking whether we are using the GNU C compiler
configure:3741: gcc -c   conftest.c >&5
configure:3741: $? = 0
configure:3750: result: yes
configure:3759: checking whether gcc accepts -g
configure:3779: gcc -c -g  conftest.c >&5
configure:3779: $? = 0
configure:3820: result: yes
configure:3837: checking for gcc option to accept ISO C89
configure:3901: gcc  -c -g -O2  conftest.c >&5
configure:3901: $? = 0
configure:3914: result: none needed
configure:3936: checking dependency style of gcc
configure:4046: result: gcc3
configure:4069: checking how to run the C preprocessor
configure:4100: gcc -E  conftest.c
configure:4100: $? = 0
configure:4114: gcc -E  conftest.c
conftest.c:11: fatal error: ac_nonexistent.h: No such file or directory
compilation terminated.
configure:4114: $? = 1
configure: failed program was:
| /* confdefs.h */
| #define PACKAGE_NAME ""
| #define PACKAGE_TARNAME ""
| #define PACKAGE_VERSION ""
| #define PACKAGE_STRING ""
| #define PACKAGE_BUGREPORT ""
| #define PACKAGE_URL ""
| #define PACKAGE "fweelin"
| #define VERSION "0.6.1"
| /* end confdefs.h.  */
| #include <ac_nonexistent.h>
configure:4139: result: gcc -E
configure:4159: gcc -E  conftest.c
configure:4159: $? = 0
configure:4173: gcc -E  conftest.c
conftest.c:11: fatal error: ac_nonexistent.h: No such file or directory
compilation terminated.
configure:4173: $? = 1
configure: failed program was:
| /* confdefs.h */
| #define PACKAGE_NAME ""
| #define PACKAGE_TARNAME ""
| #define PACKAGE_VERSION ""
| #define PACKAGE_STRING ""
| #define PACKAGE_BUGREPORT ""
| #define PACKAGE_URL ""
| #define PACKAGE "fweelin"
| #define VERSION "0.6.1"
| /* end confdefs.h.  */
| #include <ac_nonexistent.h>
configure:4202: checking for X
configure:4310: gcc -E  conftest.c
configure:4310: $? = 0
configure:4341: gcc -o conftest -g -O2   conftest.c -lX11  >&5
configure:4341: $? = 0
configure:4391: result: libraries , headers 
configure:4490: gcc -o conftest -g -O2   conftest.c   -lX11 >&5
configure:4490: $? = 0
configure:4588: checking for gethostbyname
configure:4588: gcc -o conftest -g -O2   conftest.c  >&5
configure:4588: $? = 0
configure:4588: result: yes
configure:4685: checking for connect
configure:4685: gcc -o conftest -g -O2   conftest.c  >&5
configure:4685: $? = 0
configure:4685: result: yes
configure:4734: checking for remove
configure:4734: gcc -o conftest -g -O2   conftest.c  >&5
configure:4734: $? = 0
configure:4734: result: yes
configure:4783: checking for shmat
configure:4783: gcc -o conftest -g -O2   conftest.c  >&5
configure:4783: $? = 0
configure:4783: result: yes
configure:4841: checking for IceConnectionNumber in -lICE
configure:4866: gcc -o conftest -g -O2   conftest.c -lICE   >&5
configure:4866: $? = 0
configure:4875: result: yes
configure:4892: checking for main in -lgnutls-openssl
configure:4911: gcc -o conftest -g -O2   conftest.c -lgnutls-openssl   >&5
configure:4911: $? = 0
configure:4920: result: yes
configure:4933: checking for main in -ldl
configure:4952: gcc -o conftest -g -O2   conftest.c -ldl  -lgnutls-openssl  >&5
configure:4952: $? = 0
configure:4961: result: yes
configure:4974: checking for FT_Init_FreeType in -lfreetype
configure:4999: gcc -o conftest -g -O2   conftest.c -lfreetype  -ldl -lgnutls-openssl  >&5
configure:4999: $? = 0
configure:5008: result: yes
configure:5024: checking for main in -lSDL_gfx
configure:5043: gcc -o conftest -g -O2   conftest.c -lSDL_gfx  -lfreetype -ldl -lgnutls-openssl  >&5
configure:5043: $? = 0
configure:5052: result: yes
configure:5066: checking for filledPieRGBA
configure:5066: gcc -o conftest -g -O2   conftest.c -lSDL_gfx -lfreetype -ldl -lgnutls-openssl  >&5
configure:5066: $? = 0
configure:5066: result: yes
configure:5073: checking for main in -lSDL_ttf
configure:5092: gcc -o conftest -g -O2   conftest.c -lSDL_ttf  -lSDL_gfx -lfreetype -ldl -lgnutls-openssl  >&5
configure:5092: $? = 0
configure:5101: result: yes
configure:5116: checking for main in -llo
configure:5135: gcc -o conftest -g -O2   conftest.c -llo  -lSDL_ttf -lSDL_gfx -lfreetype -ldl -lgnutls-openssl  >&5
configure:5135: $? = 0
configure:5144: result: yes
configure:5159: checking for main in -lxml2
configure:5178: gcc -o conftest -g -O2   conftest.c -lxml2  -llo -lSDL_ttf -lSDL_gfx -lfreetype -ldl -lgnutls-openssl  >&5
configure:5178: $? = 0
configure:5187: result: yes
configure:5202: checking for sqrt in -lm
configure:5227: gcc -o conftest -g -O2   conftest.c -lm  -lxml2 -llo -lSDL_ttf -lSDL_gfx -lfreetype -ldl -lgnutls-openssl  >&5
conftest.c:26: warning: conflicting types for built-in function 'sqrt'
configure:5227: $? = 0
configure:5236: result: yes
configure:5249: checking for pthread_self in -lpthread
configure:5274: gcc -o conftest -g -O2   conftest.c -lpthread  -lm -lxml2 -llo -lSDL_ttf -lSDL_gfx -lfreetype -ldl -lgnutls-openssl  >&5
configure:5274: $? = 0
configure:5283: result: yes
configure:5297: checking for main in -lasound
configure:5316: gcc -o conftest -g -O2   conftest.c -lasound  -lpthread -lm -lxml2 -llo -lSDL_ttf -lSDL_gfx -lfreetype -ldl -lgnutls-openssl  >&5
configure:5316: $? = 0
configure:5325: result: yes
configure:5340: checking for jack_client_new in -ljack
configure:5365: gcc -o conftest -g -O2   conftest.c -ljack  -lasound -lpthread -lm -lxml2 -llo -lSDL_ttf -lSDL_gfx -lfreetype -ldl -lgnutls-openssl  >&5
configure:5365: $? = 0
configure:5374: result: yes
configure:5390: checking for main in -lfluidsynth
configure:5409: gcc -o conftest -g -O2   conftest.c -lfluidsynth  -ljack -lasound -lpthread -lm -lxml2 -llo -lSDL_ttf -lSDL_gfx -lfreetype -ldl -lgnutls-openssl  >&5
configure:5409: $? = 0
configure:5418: result: yes
configure:5460: checking for main in -lvorbis
configure:5479: gcc -o conftest -g -O2   conftest.c -lvorbis  -ljack -lasound -lpthread -lm -lxml2 -llo -lSDL_ttf -lSDL_gfx -lfreetype -ldl -lgnutls-openssl  -lfluidsynth >&5
configure:5479: $? = 0
configure:5488: result: yes
configure:5502: checking for main in -lvorbisfile
configure:5521: gcc -o conftest -g -O2   conftest.c -lvorbisfile  -lvorbis -ljack -lasound -lpthread -lm -lxml2 -llo -lSDL_ttf -lSDL_gfx -lfreetype -ldl -lgnutls-openssl  -lfluidsynth >&5
configure:5521: $? = 0
configure:5530: result: yes
configure:5544: checking for main in -lvorbisenc
configure:5563: gcc -o conftest -g -O2   conftest.c -lvorbisenc  -lvorbisfile -lvorbis -ljack -lasound -lpthread -lm -lxml2 -llo -lSDL_ttf -lSDL_gfx -lfreetype -ldl -lgnutls-openssl  -lfluidsynth >&5
configure:5563: $? = 0
configure:5572: result: yes
configure:5587: checking for main in -lsndfile
configure:5606: gcc -o conftest -g -O2   conftest.c -lsndfile  -lvorbisenc -lvorbisfile -lvorbis -ljack -lasound -lpthread -lm -lxml2 -llo -lSDL_ttf -lSDL_gfx -lfreetype -ldl -lgnutls-openssl  -lfluidsynth >&5
configure:5606: $? = 0
configure:5615: result: yes
configure:5635: checking for X
configure:5824: result: libraries , headers 
configure:5828: checking for grep that handles long lines and -e
configure:5886: result: /bin/grep
configure:5891: checking for egrep
configure:5953: result: /bin/grep -E
configure:5958: checking for ANSI C header files
configure:5978: gcc -c -g -O2   conftest.c >&5
configure:5978: $? = 0
configure:6051: gcc -o conftest -g -O2    conftest.c   -lSM -lICE -L/usr/X11R6/lib -lX11  -lsndfile -lvorbisenc -lvorbisfile -lvorbis -ljack -lasound -lpthread -lm -lxml2 -llo -lSDL_ttf -lSDL_gfx -lfreetype -ldl -lgnutls-openssl  -lfluidsynth  >&5
configure:6051: $? = 0
configure:6051: ./conftest
configure:6051: $? = 0
configure:6062: result: yes
configure:6075: checking for sys/types.h
configure:6075: gcc -c -g -O2   conftest.c >&5
configure:6075: $? = 0
configure:6075: result: yes
configure:6075: checking for sys/stat.h
configure:6075: gcc -c -g -O2   conftest.c >&5
configure:6075: $? = 0
configure:6075: result: yes
configure:6075: checking for stdlib.h
configure:6075: gcc -c -g -O2   conftest.c >&5
configure:6075: $? = 0
configure:6075: result: yes
configure:6075: checking for string.h
configure:6075: gcc -c -g -O2   conftest.c >&5
configure:6075: $? = 0
configure:6075: result: yes
configure:6075: checking for memory.h
configure:6075: gcc -c -g -O2   conftest.c >&5
configure:6075: $? = 0
configure:6075: result: yes
configure:6075: checking for strings.h
configure:6075: gcc -c -g -O2   conftest.c >&5
configure:6075: $? = 0
configure:6075: result: yes
configure:6075: checking for inttypes.h
configure:6075: gcc -c -g -O2   conftest.c >&5
configure:6075: $? = 0
configure:6075: result: yes
configure:6075: checking for stdint.h
configure:6075: gcc -c -g -O2   conftest.c >&5
configure:6075: $? = 0
configure:6075: result: yes
configure:6075: checking for unistd.h
configure:6075: gcc -c -g -O2   conftest.c >&5
configure:6075: $? = 0
configure:6075: result: yes
configure:6090: checking errno.h usability
configure:6090: gcc -c -g -O2   conftest.c >&5
configure:6090: $? = 0
configure:6090: result: yes
configure:6090: checking errno.h presence
configure:6090: gcc -E  conftest.c
configure:6090: $? = 0
configure:6090: result: yes
configure:6090: checking for errno.h
configure:6090: result: yes
configure:6090: checking for stdlib.h
configure:6090: result: yes
configure:6090: checking for string.h
configure:6090: result: yes
configure:6090: checking sys/time.h usability
configure:6090: gcc -c -g -O2   conftest.c >&5
configure:6090: $? = 0
configure:6090: result: yes
configure:6090: checking sys/time.h presence
configure:6090: gcc -E  conftest.c
configure:6090: $? = 0
configure:6090: result: yes
configure:6090: checking for sys/time.h
configure:6090: result: yes
configure:6090: checking for unistd.h
configure:6090: result: yes
configure:6090: checking sys/resource.h usability
configure:6090: gcc -c -g -O2   conftest.c >&5
configure:6090: $? = 0
configure:6090: result: yes
configure:6090: checking sys/resource.h presence
configure:6090: gcc -E  conftest.c
configure:6090: $? = 0
configure:6090: result: yes
configure:6090: checking for sys/resource.h
configure:6090: result: yes
configure:6102: checking for an ANSI C-conforming const
configure:6167: gcc -c -g -O2   conftest.c >&5
configure:6167: $? = 0
configure:6174: result: yes
configure:6182: checking whether time.h and sys/time.h may both be included
configure:6202: gcc -c -g -O2   conftest.c >&5
configure:6202: $? = 0
configure:6209: result: yes
configure:6222: checking for floor
configure:6222: gcc -o conftest -g -O2    conftest.c   -lSM -lICE -L/usr/X11R6/lib -lX11  -lsndfile -lvorbisenc -lvorbisfile -lvorbis -ljack -lasound -lpthread -lm -lxml2 -llo -lSDL_ttf -lSDL_gfx -lfreetype -ldl -lgnutls-openssl  -lfluidsynth  >&5
conftest.c:68: warning: conflicting types for built-in function 'floor'
configure:6222: $? = 0
configure:6222: result: yes
configure:6222: checking for gettimeofday
configure:6222: gcc -o conftest -g -O2    conftest.c   -lSM -lICE -L/usr/X11R6/lib -lX11  -lsndfile -lvorbisenc -lvorbisfile -lvorbis -ljack -lasound -lpthread -lm -lxml2 -llo -lSDL_ttf -lSDL_gfx -lfreetype -ldl -lgnutls-openssl  -lfluidsynth  >&5
configure:6222: $? = 0
configure:6222: result: yes
configure:6222: checking for memset
configure:6222: gcc -o conftest -g -O2    conftest.c   -lSM -lICE -L/usr/X11R6/lib -lX11  -lsndfile -lvorbisenc -lvorbisfile -lvorbis -ljack -lasound -lpthread -lm -lxml2 -llo -lSDL_ttf -lSDL_gfx -lfreetype -ldl -lgnutls-openssl  -lfluidsynth  >&5
conftest.c:70: warning: conflicting types for built-in function 'memset'
configure:6222: $? = 0
configure:6222: result: yes
configure:6222: checking for pow
configure:6222: gcc -o conftest -g -O2    conftest.c   -lSM -lICE -L/usr/X11R6/lib -lX11  -lsndfile -lvorbisenc -lvorbisfile -lvorbis -ljack -lasound -lpthread -lm -lxml2 -llo -lSDL_ttf -lSDL_gfx -lfreetype -ldl -lgnutls-openssl  -lfluidsynth  >&5
conftest.c:71: warning: conflicting types for built-in function 'pow'
configure:6222: $? = 0
configure:6222: result: yes
configure:6222: checking for sqrt
configure:6222: gcc -o conftest -g -O2    conftest.c   -lSM -lICE -L/usr/X11R6/lib -lX11  -lsndfile -lvorbisenc -lvorbisfile -lvorbis -ljack -lasound -lpthread -lm -lxml2 -llo -lSDL_ttf -lSDL_gfx -lfreetype -ldl -lgnutls-openssl  -lfluidsynth  >&5
conftest.c:72: warning: conflicting types for built-in function 'sqrt'
configure:6222: $? = 0
configure:6222: result: yes
configure:6393: creating ./config.status

## ---------------------- ##
## Running config.status. ##
## ---------------------- ##

This file was extended by config.status, which was
generated by GNU Autoconf 2.67.  Invocation command line was

  CONFIG_FILES    = 
  CONFIG_HEADERS  = 
  CONFIG_LINKS    = 
  CONFIG_COMMANDS = 
  $ ./config.status 

on acer-lappy

config.status:798: creating Makefile
config.status:798: creating src/Makefile
config.status:798: creating data/Makefile
config.status:969: executing depfiles commands

## ---------------- ##
## Cache variables. ##
## ---------------- ##

ac_cv_c_compiler_gnu=yes
ac_cv_c_const=yes
ac_cv_cxx_compiler_gnu=yes
ac_cv_env_CCC_set=
ac_cv_env_CCC_value=
ac_cv_env_CC_set=
ac_cv_env_CC_value=
ac_cv_env_CFLAGS_set=
ac_cv_env_CFLAGS_value=
ac_cv_env_CPPFLAGS_set=
ac_cv_env_CPPFLAGS_value=
ac_cv_env_CPP_set=
ac_cv_env_CPP_value=
ac_cv_env_CXXFLAGS_set=
ac_cv_env_CXXFLAGS_value=
ac_cv_env_CXX_set=
ac_cv_env_CXX_value=
ac_cv_env_LDFLAGS_set=
ac_cv_env_LDFLAGS_value=
ac_cv_env_LIBS_set=
ac_cv_env_LIBS_value=
ac_cv_env_XMKMF_set=
ac_cv_env_XMKMF_value=
ac_cv_env_build_alias_set=
ac_cv_env_build_alias_value=
ac_cv_env_host_alias_set=
ac_cv_env_host_alias_value=
ac_cv_env_target_alias_set=
ac_cv_env_target_alias_value=
ac_cv_func_connect=yes
ac_cv_func_filledPieRGBA=yes
ac_cv_func_floor=yes
ac_cv_func_gethostbyname=yes
ac_cv_func_gettimeofday=yes
ac_cv_func_memset=yes
ac_cv_func_pow=yes
ac_cv_func_remove=yes
ac_cv_func_shmat=yes
ac_cv_func_sqrt=yes
ac_cv_have_x='have_x=yes	ac_x_includes='\'''\''	ac_x_libraries='\'''\'''
ac_cv_header_errno_h=yes
ac_cv_header_inttypes_h=yes
ac_cv_header_memory_h=yes
ac_cv_header_stdc=yes
ac_cv_header_stdint_h=yes
ac_cv_header_stdlib_h=yes
ac_cv_header_string_h=yes
ac_cv_header_strings_h=yes
ac_cv_header_sys_resource_h=yes
ac_cv_header_sys_stat_h=yes
ac_cv_header_sys_time_h=yes
ac_cv_header_sys_types_h=yes
ac_cv_header_time=yes
ac_cv_header_unistd_h=yes
ac_cv_lib_ICE_IceConnectionNumber=yes
ac_cv_lib_SDL_gfx_main=yes
ac_cv_lib_SDL_ttf_main=yes
ac_cv_lib_asound_main=yes
ac_cv_lib_dl_main=yes
ac_cv_lib_fluidsynth_main=yes
ac_cv_lib_freetype_FT_Init_FreeType=yes
ac_cv_lib_gnutls_openssl_main=yes
ac_cv_lib_jack_jack_client_new=yes
ac_cv_lib_lo_main=yes
ac_cv_lib_m_sqrt=yes
ac_cv_lib_pthread_pthread_self=yes
ac_cv_lib_sndfile_main=yes
ac_cv_lib_vorbis_main=yes
ac_cv_lib_vorbisenc_main=yes
ac_cv_lib_vorbisfile_main=yes
ac_cv_lib_xml2_main=yes
ac_cv_objext=o
ac_cv_path_EGREP='/bin/grep -E'
ac_cv_path_GREP=/bin/grep
ac_cv_path_install='/usr/bin/install -c'
ac_cv_path_mkdir=/bin/mkdir
ac_cv_prog_AWK=gawk
ac_cv_prog_CPP='gcc -E'
ac_cv_prog_ac_ct_CC=gcc
ac_cv_prog_ac_ct_CXX=g++
ac_cv_prog_cc_c89=
ac_cv_prog_cc_g=yes
ac_cv_prog_cxx_g=yes
ac_cv_prog_make_make_set=yes
am_cv_CC_dependencies_compiler_type=gcc3
am_cv_CXX_dependencies_compiler_type=gcc3

## ----------------- ##
## Output variables. ##
## ----------------- ##

ACLOCAL='${SHELL} /home/me/src/freewheeling/missing --run aclocal-1.11'
AMDEPBACKSLASH='\'
AMDEP_FALSE='#'
AMDEP_TRUE=''
AMTAR='${SHELL} /home/me/src/freewheeling/missing --run tar'
AUTOCONF='${SHELL} /home/me/src/freewheeling/missing --run autoconf'
AUTOHEADER='${SHELL} /home/me/src/freewheeling/missing --run autoheader'
AUTOMAKE='${SHELL} /home/me/src/freewheeling/missing --run automake-1.11'
AWK='gawk'
CC='gcc'
CCDEPMODE='depmode=gcc3'
CFLAGS='-g -O2 '
CPP='gcc -E'
CPPFLAGS=''
CXX='g++'
CXXDEPMODE='depmode=gcc3'
CXXFLAGS='-g -O2'
CYGPATH_W='echo'
DEFS='-DPACKAGE_NAME=\"\" -DPACKAGE_TARNAME=\"\" -DPACKAGE_VERSION=\"\" -DPACKAGE_STRING=\"\" -DPACKAGE_BUGREPORT=\"\" -DPACKAGE_URL=\"\" -DPACKAGE=\"fweelin\" -DVERSION=\"0.6.1\" -DHAVE_LIBGNUTLS_OPENSSL=1 -DHAVE_LIBDL=1 -DHAVE_LIBFREETYPE=1 -DHAVE_LIBSDL_GFX=1 -DCAPITAL_FILLED_PIE=1 -DHAVE_LIBSDL_TTF=1 -DHAVE_LIBLO=1 -DHAVE_LIBXML2=1 -DHAVE_LIBM=1 -DHAVE_LIBPTHREAD=1 -DHAVE_LIBASOUND=1 -DHAVE_LIBJACK=1 -DUSE_FLUIDSYNTH=1 -DHAVE_LIBVORBIS=1 -DHAVE_LIBVORBISFILE=1 -DHAVE_LIBVORBISENC=1 -DHAVE_LIBSNDFILE=1 -DSTDC_HEADERS=1 -DHAVE_SYS_TYPES_H=1 -DHAVE_SYS_STAT_H=1 -DHAVE_STDLIB_H=1 -DHAVE_STRING_H=1 -DHAVE_MEMORY_H=1 -DHAVE_STRINGS_H=1 -DHAVE_INTTYPES_H=1 -DHAVE_STDINT_H=1 -DHAVE_UNISTD_H=1 -DHAVE_ERRNO_H=1 -DHAVE_STDLIB_H=1 -DHAVE_STRING_H=1 -DHAVE_SYS_TIME_H=1 -DHAVE_UNISTD_H=1 -DHAVE_SYS_RESOURCE_H=1 -DTIME_WITH_SYS_TIME=1 -DHAVE_FLOOR=1 -DHAVE_GETTIMEOFDAY=1 -DHAVE_MEMSET=1 -DHAVE_POW=1 -DHAVE_SQRT=1'
DEPDIR='.deps'
ECHO_C=''
ECHO_N='-n'
ECHO_T=''
EGREP='/bin/grep -E'
EXEEXT=''
GREP='/bin/grep'
INSTALL_DATA='${INSTALL} -m 644'
INSTALL_PROGRAM='${INSTALL}'
INSTALL_SCRIPT='${INSTALL}'
INSTALL_STRIP_PROGRAM='$(install_sh) -c -s'
LDFLAGS=''
LIBOBJS=''
LIBS='  -lSM -lICE -L/usr/X11R6/lib -lX11  -lsndfile -lvorbisenc -lvorbisfile -lvorbis -ljack -lasound -lpthread -lm -lxml2 -llo -lSDL_ttf -lSDL_gfx -lfreetype -ldl -lgnutls-openssl  -lfluidsynth '
LTLIBOBJS=''
MAKEINFO='${SHELL} /home/me/src/freewheeling/missing --run makeinfo'
MKDIR_P='/bin/mkdir -p'
OBJEXT='o'
PACKAGE='fweelin'
PACKAGE_BUGREPORT=''
PACKAGE_NAME=''
PACKAGE_STRING=''
PACKAGE_TARNAME=''
PACKAGE_URL=''
PACKAGE_VERSION=''
PATH_SEPARATOR=':'
SET_MAKE=''
SHELL='/bin/bash'
STRIP=''
VERSION='0.6.1'
XMKMF=''
X_CFLAGS=''
X_EXTRA_LIBS=''
X_LIBS=''
X_PRE_LIBS=' -lSM -lICE'
ac_ct_CC='gcc'
ac_ct_CXX='g++'
am__EXEEXT_FALSE=''
am__EXEEXT_TRUE='#'
am__fastdepCC_FALSE='#'
am__fastdepCC_TRUE=''
am__fastdepCXX_FALSE='#'
am__fastdepCXX_TRUE=''
am__include='include'
am__isrc=''
am__leading_dot='.'
am__quote=''
am__tar='${AMTAR} chof - "$$tardir"'
am__untar='${AMTAR} xf -'
bindir='${exec_prefix}/bin'
build_alias=''
datadir='${datarootdir}'
datarootdir='${prefix}/share'
docdir='${datarootdir}/doc/${PACKAGE}'
dvidir='${docdir}'
exec_prefix='${prefix}'
host_alias=''
htmldir='${docdir}'
includedir='${prefix}/include'
infodir='${datarootdir}/info'
install_sh='${SHELL} /home/me/src/freewheeling/install-sh'
libdir='${exec_prefix}/lib'
libexecdir='${exec_prefix}/libexec'
localedir='${datarootdir}/locale'
localstatedir='${prefix}/var'
mandir='${datarootdir}/man'
mkdir_p='/bin/mkdir -p'
oldincludedir='/usr/include'
pdfdir='${docdir}'
prefix='/usr/local'
program_transform_name='s,x,x,'
psdir='${docdir}'
sbindir='${exec_prefix}/sbin'
sharedstatedir='${prefix}/com'
sysconfdir='${prefix}/etc'
target_alias=''

## ----------- ##
## confdefs.h. ##
## ----------- ##

/* confdefs.h */
#define PACKAGE_NAME ""
#define PACKAGE_TARNAME ""
#define PACKAGE_VERSION ""
#define PACKAGE_STRING ""
#define PACKAGE_BUGREPORT ""
#define PACKAGE_URL ""
#define PACKAGE "fweelin"
#define VERSION "0.6.1"
#define HAVE_LIBGNUTLS_OPENSSL 1
#define HAVE_LIBDL 1
#define HAVE_LIBFREETYPE 1
#define HAVE_LIBSDL_GFX 1
#define CAPITAL_FILLED_PIE 1
#define HAVE_LIBSDL_TTF 1
#define HAVE_LIBLO 1
#define HAVE_LIBXML2 1
#define HAVE_LIBM 1
#define HAVE_LIBPTHREAD 1
#define HAVE_LIBASOUND 1
#define HAVE_LIBJACK 1
#define USE_FLUIDSYNTH 1
#define HAVE_LIBVORBIS 1
#define HAVE_LIBVORBISFILE 1
#define HAVE_LIBVORBISENC 1
#define HAVE_LIBSNDFILE 1
#define STDC_HEADERS 1
#define HAVE_SYS_TYPES_H 1
#define HAVE_SYS_STAT_H 1
#define HAVE_STDLIB_H 1
#define HAVE_STRING_H 1
#define HAVE_MEMORY_H 1
#define HAVE_STRINGS_H 1
#define HAVE_INTTYPES_H 1
#define HAVE_STDINT_H 1
#define HAVE_UNISTD_H 1
#define HAVE_ERRNO_H 1
#define HAVE_STDLIB_H 1
#define HAVE_STRING_H 1
#define HAVE_SYS_TIME_H 1
#define HAVE_UNISTD_H 1
#define HAVE_SYS_RESOURCE_H 1
#define TIME_WITH_SYS_TIME 1
#define HAVE_FLOOR 1
#define HAVE_GETTIMEOFDAY 1
#define HAVE_MEMSET 1
#define HAVE_POW 1
#define HAVE_SQRT 1

configure: exit 0
